build/app/intermediates/manifest_merge_blame_file/profile/manifest-merger-blame-profile-report.txt
1<?xml version="1.0" encoding="utf-8"?>
2<manifest xmlns:android="http://schemas.android.com/apk/res/android"
3    package="com.example.qubic_health_assignment"
4    android:versionCode="1"
5    android:versionName="1.0.0" >
6
7    <uses-sdk
8        android:minSdkVersion="21"
9        android:targetSdkVersion="31" />
10    <!--
11         Flutter needs it to communicate with the running application
12         to allow setting breakpoints, to provide hot reload, etc.
13    -->
14    <uses-permission android:name="android.permission.INTERNET" />
14-->src/main/AndroidManifest.xml:3:5-66
14-->src/main/AndroidManifest.xml:3:22-64
15
16    <queries>
16-->[:flutter_inappwebview] AndroidManifest.xml:7:5-11:15
17        <intent>
17-->[:flutter_inappwebview] AndroidManifest.xml:8:9-10:18
18            <action android:name="android.support.customtabs.action.CustomTabsService" />
18-->[:flutter_inappwebview] AndroidManifest.xml:9:13-90
18-->[:flutter_inappwebview] AndroidManifest.xml:9:21-87
19        </intent>
20    </queries>
21
22    <uses-permission android:name="android.permission.ACCESS_NETWORK_STATE" />
22-->[com.google.android.exoplayer:exoplayer-core:2.17.0] AndroidManifest.xml:24:5-79
22-->[com.google.android.exoplayer:exoplayer-core:2.17.0] AndroidManifest.xml:24:22-76
23
24    <application
25        android:name="android.app.Application"
26        android:appComponentFactory="androidx.core.app.CoreComponentFactory"
26-->[androidx.core:core:1.7.0] AndroidManifest.xml:24:18-86
27        android:debuggable="true"
28        android:icon="@mipmap/ic_launcher"
29        android:label="qubic_health_assignment" >
30        <activity
31            android:name="com.example.qubic_health_assignment.MainActivity"
32            android:configChanges="orientation|keyboardHidden|keyboard|screenSize|smallestScreenSize|locale|layoutDirection|fontScale|screenLayout|density|uiMode"
33            android:exported="true"
34            android:hardwareAccelerated="true"
35            android:launchMode="singleTop"
36            android:theme="@style/LaunchTheme"
37            android:windowSoftInputMode="adjustResize" >
38
39            <!--
40                 Specifies an Android theme to apply to this Activity as soon as
41                 the Android process has started. This theme is visible to the user
42                 while the Flutter UI initializes. After that, this theme continues
43                 to determine the Window background behind the Flutter UI.
44            -->
45            <meta-data
46                android:name="io.flutter.embedding.android.NormalTheme"
47                android:resource="@style/NormalTheme" />
48
49            <intent-filter>
50                <action android:name="android.intent.action.MAIN" />
51
52                <category android:name="android.intent.category.LAUNCHER" />
53            </intent-filter>
54        </activity>
55        <!--
56             Don't delete the meta-data below.
57             This is used by the Flutter tool to generate GeneratedPluginRegistrant.java
58        -->
59        <meta-data
60            android:name="flutterEmbedding"
61            android:value="2" />
62
63        <activity
63-->[:flutter_inappwebview] AndroidManifest.xml:14:9-18:47
64            android:name="com.pichillilorenzo.flutter_inappwebview.in_app_browser.InAppBrowserActivity"
64-->[:flutter_inappwebview] AndroidManifest.xml:15:13-104
65            android:configChanges="orientation|keyboardHidden|keyboard|screenSize|locale|layoutDirection|fontScale|screenLayout|density"
65-->[:flutter_inappwebview] AndroidManifest.xml:16:13-137
66            android:exported="true"
66-->[:flutter_inappwebview] AndroidManifest.xml:17:13-36
67            android:theme="@style/AppTheme" />
67-->[:flutter_inappwebview] AndroidManifest.xml:18:13-44
68        <activity
68-->[:flutter_inappwebview] AndroidManifest.xml:19:9-22:55
69            android:name="com.pichillilorenzo.flutter_inappwebview.chrome_custom_tabs.ChromeCustomTabsActivity"
69-->[:flutter_inappwebview] AndroidManifest.xml:20:13-112
70            android:exported="true"
70-->[:flutter_inappwebview] AndroidManifest.xml:21:13-36
71            android:theme="@style/ThemeTransparent" />
71-->[:flutter_inappwebview] AndroidManifest.xml:22:13-52
72        <activity
72-->[:flutter_inappwebview] AndroidManifest.xml:23:9-26:55
73            android:name="com.pichillilorenzo.flutter_inappwebview.chrome_custom_tabs.TrustedWebActivity"
73-->[:flutter_inappwebview] AndroidManifest.xml:24:13-106
74            android:exported="true"
74-->[:flutter_inappwebview] AndroidManifest.xml:25:13-36
75            android:theme="@style/ThemeTransparent" />
75-->[:flutter_inappwebview] AndroidManifest.xml:26:13-52
76        <activity
76-->[:flutter_inappwebview] AndroidManifest.xml:27:9-31:55
77            android:name="com.pichillilorenzo.flutter_inappwebview.chrome_custom_tabs.ChromeCustomTabsActivitySingleInstance"
77-->[:flutter_inappwebview] AndroidManifest.xml:28:13-126
78            android:exported="true"
78-->[:flutter_inappwebview] AndroidManifest.xml:29:13-36
79            android:launchMode="singleInstance"
79-->[:flutter_inappwebview] AndroidManifest.xml:30:13-48
80            android:theme="@style/ThemeTransparent" />
80-->[:flutter_inappwebview] AndroidManifest.xml:31:13-52
81        <activity
81-->[:flutter_inappwebview] AndroidManifest.xml:32:9-36:55
82            android:name="com.pichillilorenzo.flutter_inappwebview.chrome_custom_tabs.TrustedWebActivitySingleInstance"
82-->[:flutter_inappwebview] AndroidManifest.xml:33:13-120
83            android:exported="true"
83-->[:flutter_inappwebview] AndroidManifest.xml:34:13-36
84            android:launchMode="singleInstance"
84-->[:flutter_inappwebview] AndroidManifest.xml:35:13-48
85            android:theme="@style/ThemeTransparent" />
85-->[:flutter_inappwebview] AndroidManifest.xml:36:13-52
86
87        <receiver
87-->[:flutter_inappwebview] AndroidManifest.xml:38:9-41:40
88            android:name="com.pichillilorenzo.flutter_inappwebview.chrome_custom_tabs.ActionBroadcastReceiver"
88-->[:flutter_inappwebview] AndroidManifest.xml:39:13-111
89            android:enabled="true"
89-->[:flutter_inappwebview] AndroidManifest.xml:40:13-35
90            android:exported="false" />
90-->[:flutter_inappwebview] AndroidManifest.xml:41:13-37
91
92        <meta-data
92-->[:flutter_inappwebview] AndroidManifest.xml:43:9-45:36
93            android:name="io.flutter.embedded_views_preview"
93-->[:flutter_inappwebview] AndroidManifest.xml:44:13-61
94            android:value="true" />
94-->[:flutter_inappwebview] AndroidManifest.xml:45:13-33
95
96        <uses-library
96-->[androidx.window:window:1.0.0-beta04] AndroidManifest.xml:25:9-27:40
97            android:name="androidx.window.extensions"
97-->[androidx.window:window:1.0.0-beta04] AndroidManifest.xml:26:13-54
98            android:required="false" />
98-->[androidx.window:window:1.0.0-beta04] AndroidManifest.xml:27:13-37
99        <uses-library
99-->[androidx.window:window:1.0.0-beta04] AndroidManifest.xml:28:9-30:40
100            android:name="androidx.window.sidecar"
100-->[androidx.window:window:1.0.0-beta04] AndroidManifest.xml:29:13-51
101            android:required="false" />
101-->[androidx.window:window:1.0.0-beta04] AndroidManifest.xml:30:13-37
102
103        <provider
103-->[androidx.emoji2:emoji2:1.0.0] AndroidManifest.xml:26:9-34:20
104            android:name="androidx.startup.InitializationProvider"
104-->[androidx.emoji2:emoji2:1.0.0] AndroidManifest.xml:27:13-67
105            android:authorities="com.example.qubic_health_assignment.androidx-startup"
105-->[androidx.emoji2:emoji2:1.0.0] AndroidManifest.xml:28:13-68
106            android:exported="false" >
106-->[androidx.emoji2:emoji2:1.0.0] AndroidManifest.xml:29:13-37
107            <meta-data
107-->[androidx.emoji2:emoji2:1.0.0] AndroidManifest.xml:31:13-33:52
108                android:name="androidx.emoji2.text.EmojiCompatInitializer"
108-->[androidx.emoji2:emoji2:1.0.0] AndroidManifest.xml:32:17-75
109                android:value="androidx.startup" />
109-->[androidx.emoji2:emoji2:1.0.0] AndroidManifest.xml:33:17-49
110            <meta-data
110-->[androidx.lifecycle:lifecycle-process:2.4.0] AndroidManifest.xml:31:13-33:52
111                android:name="androidx.lifecycle.ProcessLifecycleInitializer"
111-->[androidx.lifecycle:lifecycle-process:2.4.0] AndroidManifest.xml:32:17-78
112                android:value="androidx.startup" />
112-->[androidx.lifecycle:lifecycle-process:2.4.0] AndroidManifest.xml:33:17-49
113        </provider>
114    </application>
115
116</manifest>